{
  "stats": {
    "suites": 1,
    "tests": 23,
    "passes": 21,
    "pending": 0,
    "failures": 2,
    "start": "2025-06-22T07:59:45.237Z",
    "end": "2025-06-22T08:01:30.028Z",
    "duration": 104791,
    "testsRegistered": 23,
    "passPercent": 91.30434782608695,
    "pendingPercent": 0,
    "other": 0,
    "hasOther": false,
    "skipped": 0,
    "hasSkipped": false
  },
  "results": [
    {
      "uuid": "0d6d7496-bbcd-4a3e-815a-77e737f8530b",
      "title": "",
      "fullFile": "cypress\\e2e\\juice_search.cy.js",
      "file": "cypress\\e2e\\juice_search.cy.js",
      "beforeHooks": [],
      "afterHooks": [],
      "tests": [],
      "suites": [
        {
          "uuid": "cd3c08a8-5f7c-403a-b306-fb27de2ecd81",
          "title": "Kiểm tra tìm kiếm Juice Shop",
          "fullFile": "",
          "file": "",
          "beforeHooks": [],
          "afterHooks": [],
          "tests": [
            {
              "title": "TC01 - Kiểm thử tìm kiếm với từ khóa hợp lệ",
              "fullTitle": "Kiểm tra tìm kiếm Juice Shop TC01 - Kiểm thử tìm kiếm với từ khóa hợp lệ",
              "timedOut": null,
              "duration": 2598,
              "state": "passed",
              "speed": "fast",
              "pass": true,
              "fail": false,
              "pending": false,
              "context": null,
              "code": "cy.searchProduct('apple');\ncy.checkProductIsDisplayed('Apple Juice');",
              "err": {},
              "uuid": "4195e2fb-3497-470c-a89b-2b48dbaadbc8",
              "parentUUID": "cd3c08a8-5f7c-403a-b306-fb27de2ecd81",
              "isHook": false,
              "skipped": false
            },
            {
              "title": "TC02 - Kiểm thử tìm kiếm với chữ in hoa",
              "fullTitle": "Kiểm tra tìm kiếm Juice Shop TC02 - Kiểm thử tìm kiếm với chữ in hoa",
              "timedOut": null,
              "duration": 1903,
              "state": "passed",
              "speed": "fast",
              "pass": true,
              "fail": false,
              "pending": false,
              "context": null,
              "code": "cy.searchProduct('APPLE');\ncy.checkProductIsDisplayed('Apple Juice');",
              "err": {},
              "uuid": "c01abe0d-7024-4df5-bbf8-55b29f9c4b80",
              "parentUUID": "cd3c08a8-5f7c-403a-b306-fb27de2ecd81",
              "isHook": false,
              "skipped": false
            },
            {
              "title": "TC03 - Kiểm thử tìm kiếm với từ khóa một phần",
              "fullTitle": "Kiểm tra tìm kiếm Juice Shop TC03 - Kiểm thử tìm kiếm với từ khóa một phần",
              "timedOut": null,
              "duration": 1844,
              "state": "passed",
              "speed": "fast",
              "pass": true,
              "fail": false,
              "pending": false,
              "context": null,
              "code": "cy.searchProduct('app');\ncy.checkProductIsDisplayed('Apple Juice');",
              "err": {},
              "uuid": "2d371d2e-5ed5-401e-a5d2-968efa766f90",
              "parentUUID": "cd3c08a8-5f7c-403a-b306-fb27de2ecd81",
              "isHook": false,
              "skipped": false
            },
            {
              "title": "TC04 - Tìm kiếm với từ khóa chính xác",
              "fullTitle": "Kiểm tra tìm kiếm Juice Shop TC04 - Tìm kiếm với từ khóa chính xác",
              "timedOut": null,
              "duration": 1918,
              "state": "passed",
              "speed": "fast",
              "pass": true,
              "fail": false,
              "pending": false,
              "context": null,
              "code": "cy.searchProduct('Apple Pomace');\ncy.checkOnlyOneProductIsDisplayed('Apple Pomace');",
              "err": {},
              "uuid": "0f3fd94b-489e-4978-a07e-7a7616604678",
              "parentUUID": "cd3c08a8-5f7c-403a-b306-fb27de2ecd81",
              "isHook": false,
              "skipped": false
            },
            {
              "title": "TC05 - Kiểm thử tìm kiếm không ra kết quả",
              "fullTitle": "Kiểm tra tìm kiếm Juice Shop TC05 - Kiểm thử tìm kiếm không ra kết quả",
              "timedOut": null,
              "duration": 2089,
              "state": "passed",
              "speed": "fast",
              "pass": true,
              "fail": false,
              "pending": false,
              "context": null,
              "code": "cy.searchProduct('xyznotfound');\ncy.checkEmptyStateIsDisplayed();",
              "err": {},
              "uuid": "e0440621-78f5-47e7-83bf-8d1b60cdb2a4",
              "parentUUID": "cd3c08a8-5f7c-403a-b306-fb27de2ecd81",
              "isHook": false,
              "skipped": false
            },
            {
              "title": "TC06 - Kiểm thử tìm kiếm với ký tự đặc biệt",
              "fullTitle": "Kiểm tra tìm kiếm Juice Shop TC06 - Kiểm thử tìm kiếm với ký tự đặc biệt",
              "timedOut": null,
              "duration": 2148,
              "state": "passed",
              "speed": "fast",
              "pass": true,
              "fail": false,
              "pending": false,
              "context": null,
              "code": "cy.searchProduct('@#!');\ncy.checkEmptyStateIsDisplayed();",
              "err": {},
              "uuid": "9ab7cc27-d9d2-4fd1-a94a-55109309f170",
              "parentUUID": "cd3c08a8-5f7c-403a-b306-fb27de2ecd81",
              "isHook": false,
              "skipped": false
            },
            {
              "title": "TC07 - Kiểm thử tìm kiếm có dấu cách đầu dòng",
              "fullTitle": "Kiểm tra tìm kiếm Juice Shop TC07 - Kiểm thử tìm kiếm có dấu cách đầu dòng",
              "timedOut": null,
              "duration": 1936,
              "state": "passed",
              "speed": "fast",
              "pass": true,
              "fail": false,
              "pending": false,
              "context": null,
              "code": "cy.searchProduct(' apple');\ncy.checkProductIsDisplayed('Apple Juice');",
              "err": {},
              "uuid": "426446aa-edd9-462c-8eb1-5112576cf9de",
              "parentUUID": "cd3c08a8-5f7c-403a-b306-fb27de2ecd81",
              "isHook": false,
              "skipped": false
            },
            {
              "title": "TC08 - Kiểm thử tìm kiếm có dấu cách cuối dòng",
              "fullTitle": "Kiểm tra tìm kiếm Juice Shop TC08 - Kiểm thử tìm kiếm có dấu cách cuối dòng",
              "timedOut": null,
              "duration": 1916,
              "state": "passed",
              "speed": "fast",
              "pass": true,
              "fail": false,
              "pending": false,
              "context": null,
              "code": "cy.searchProduct('apple ');\ncy.checkProductIsDisplayed('Apple Juice');",
              "err": {},
              "uuid": "be75467b-83ad-4cf1-bc67-37f6ce713174",
              "parentUUID": "cd3c08a8-5f7c-403a-b306-fb27de2ecd81",
              "isHook": false,
              "skipped": false
            },
            {
              "title": "TC09 - Kiểm thử tìm kiếm chỉ với dấu cách",
              "fullTitle": "Kiểm tra tìm kiếm Juice Shop TC09 - Kiểm thử tìm kiếm chỉ với dấu cách",
              "timedOut": null,
              "duration": 1790,
              "state": "failed",
              "speed": null,
              "pass": false,
              "fail": true,
              "pending": false,
              "context": null,
              "code": "cy.searchProduct('    ');\ncy.checkHeadingIsDisplayed('All Products');",
              "err": {
                "message": "TypeError: cy.checkHeadingIsDisplayed is not a function",
                "estack": "TypeError: cy.checkHeadingIsDisplayed is not a function\n    at Context.eval (webpack://cypress_features_testing/./cypress/e2e/juice_search.cy.js:52:7)\n    at runnable.fn (http://localhost:3000/__cypress/runner/cypress_runner.js:141791:19)\n    at callFn (http://localhost:3000/__cypress/runner/cypress_runner.js:160869:21)\n    at Runnable.run (http://localhost:3000/__cypress/runner/cypress_runner.js:160856:7)\n    at <unknown> (http://localhost:3000/__cypress/runner/cypress_runner.js:166928:30)\n    at PassThroughHandlerContext.finallyHandler (http://localhost:3000/__cypress/runner/cypress_runner.js:4042:23)\n    at PassThroughHandlerContext.tryCatcher (http://localhost:3000/__cypress/runner/cypress_runner.js:1777:23)\n    at Promise._settlePromiseFromHandler (http://localhost:3000/__cypress/runner/cypress_runner.js:1489:31)\n    at Promise._settlePromise (http://localhost:3000/__cypress/runner/cypress_runner.js:1546:18)",
                "diff": null
              },
              "uuid": "5660dd60-ed74-4ba7-be54-ef00ac9834b2",
              "parentUUID": "cd3c08a8-5f7c-403a-b306-fb27de2ecd81",
              "isHook": false,
              "skipped": false
            },
            {
              "title": "TC10 - Tìm kiếm với số",
              "fullTitle": "Kiểm tra tìm kiếm Juice Shop TC10 - Tìm kiếm với số",
              "timedOut": null,
              "duration": 4227,
              "state": "passed",
              "speed": "fast",
              "pass": true,
              "fail": false,
              "pending": false,
              "context": null,
              "code": "cy.searchProduct('2020');\ncy.checkProductIsDisplayed('2020');",
              "err": {},
              "uuid": "8027e20d-2bb8-451f-b7ba-c5a45bd0e84f",
              "parentUUID": "cd3c08a8-5f7c-403a-b306-fb27de2ecd81",
              "isHook": false,
              "skipped": false
            },
            {
              "title": "TC11 - Kiểm thử kết quả tìm kiếm giữ nguyên khi mất focus (không tự động tìm lại)",
              "fullTitle": "Kiểm tra tìm kiếm Juice Shop TC11 - Kiểm thử kết quả tìm kiếm giữ nguyên khi mất focus (không tự động tìm lại)",
              "timedOut": null,
              "duration": 4222,
              "state": "passed",
              "speed": "fast",
              "pass": true,
              "fail": false,
              "pending": false,
              "context": null,
              "code": "cy.searchProduct('Apple Juice');\ncy.checkProductIsDisplayed('Apple Juice');\ncy.get('body').click();\ncy.checkProductIsDisplayed('Apple Juice');",
              "err": {},
              "uuid": "ba1e5327-7741-4ddd-b331-381aca2bfecc",
              "parentUUID": "cd3c08a8-5f7c-403a-b306-fb27de2ecd81",
              "isHook": false,
              "skipped": false
            },
            {
              "title": "TC12 - Kiểm thử tìm kiếm với chuỗi rất dài",
              "fullTitle": "Kiểm tra tìm kiếm Juice Shop TC12 - Kiểm thử tìm kiếm với chuỗi rất dài",
              "timedOut": null,
              "duration": 17452,
              "state": "passed",
              "speed": "slow",
              "pass": true,
              "fail": false,
              "pending": false,
              "context": null,
              "code": "const longString = 'a'.repeat(1000);\ncy.searchProduct(longString);\ncy.checkEmptyStateIsDisplayed();",
              "err": {},
              "uuid": "23b7afd9-7389-4361-8880-3cd0e22ee56e",
              "parentUUID": "cd3c08a8-5f7c-403a-b306-fb27de2ecd81",
              "isHook": false,
              "skipped": false
            },
            {
              "title": "TC13 - Kiểm thử tìm kiếm với chữ hoa và thường xen kẽ",
              "fullTitle": "Kiểm tra tìm kiếm Juice Shop TC13 - Kiểm thử tìm kiếm với chữ hoa và thường xen kẽ",
              "timedOut": null,
              "duration": 4708,
              "state": "passed",
              "speed": "fast",
              "pass": true,
              "fail": false,
              "pending": false,
              "context": null,
              "code": "cy.searchProduct('aPpLe');\ncy.checkProductIsDisplayed('Apple Juice');",
              "err": {},
              "uuid": "dffaed8f-81ee-4a47-a245-b38961cdb741",
              "parentUUID": "cd3c08a8-5f7c-403a-b306-fb27de2ecd81",
              "isHook": false,
              "skipped": false
            },
            {
              "title": "TC14 - Kiểm thử tìm kiếm khi đang cuộn trang",
              "fullTitle": "Kiểm tra tìm kiếm Juice Shop TC14 - Kiểm thử tìm kiếm khi đang cuộn trang",
              "timedOut": null,
              "duration": 4204,
              "state": "passed",
              "speed": "fast",
              "pass": true,
              "fail": false,
              "pending": false,
              "context": null,
              "code": "cy.get('#mat-input-1').type('Apple Juice');\ncy.get('.mat-drawer-container').scrollTo('bottom', {\n  ensureScrollable: false\n});\ncy.get('#mat-input-1').type('{enter}');\ncy.checkProductIsDisplayed('Apple Juice');",
              "err": {},
              "uuid": "95a886ee-6f8d-48c7-9739-29460e5df0b2",
              "parentUUID": "cd3c08a8-5f7c-403a-b306-fb27de2ecd81",
              "isHook": false,
              "skipped": false
            },
            {
              "title": "TC15 - Kiểm thử tìm kiếm với emoji",
              "fullTitle": "Kiểm tra tìm kiếm Juice Shop TC15 - Kiểm thử tìm kiếm với emoji",
              "timedOut": null,
              "duration": 4790,
              "state": "passed",
              "speed": "fast",
              "pass": true,
              "fail": false,
              "pending": false,
              "context": null,
              "code": "cy.searchProduct('🍎');\ncy.checkEmptyStateIsDisplayed();",
              "err": {},
              "uuid": "b299bbf2-d2fb-4135-97a5-5e84d0599915",
              "parentUUID": "cd3c08a8-5f7c-403a-b306-fb27de2ecd81",
              "isHook": false,
              "skipped": false
            },
            {
              "title": "TC16 - Hiện ô tìm kiếm khi nhấn icon kính lúp",
              "fullTitle": "Kiểm tra tìm kiếm Juice Shop TC16 - Hiện ô tìm kiếm khi nhấn icon kính lúp",
              "timedOut": null,
              "duration": 3801,
              "state": "passed",
              "speed": "fast",
              "pass": true,
              "fail": false,
              "pending": false,
              "context": null,
              "code": "",
              "err": {},
              "uuid": "149d2290-884c-481b-8491-e5c59eb938fb",
              "parentUUID": "cd3c08a8-5f7c-403a-b306-fb27de2ecd81",
              "isHook": false,
              "skipped": false
            },
            {
              "title": "TC17 - Kiểm thử ẩn ô tìm kiếm khi nhấn icon X",
              "fullTitle": "Kiểm tra tìm kiếm Juice Shop TC17 - Kiểm thử ẩn ô tìm kiếm khi nhấn icon X",
              "timedOut": null,
              "duration": 7048,
              "state": "passed",
              "speed": "medium",
              "pass": true,
              "fail": false,
              "pending": false,
              "context": null,
              "code": "cy.hideSearchInput();",
              "err": {},
              "uuid": "fa0b6366-1ac8-443a-a51d-3ffbb3bcb06a",
              "parentUUID": "cd3c08a8-5f7c-403a-b306-fb27de2ecd81",
              "isHook": false,
              "skipped": false
            },
            {
              "title": "TC18 - Kiểm thử tìm kiếm với nội dung chỉ xuất hiện trong mô tả sản phẩm",
              "fullTitle": "Kiểm tra tìm kiếm Juice Shop TC18 - Kiểm thử tìm kiếm với nội dung chỉ xuất hiện trong mô tả sản phẩm",
              "timedOut": null,
              "duration": 5839,
              "state": "passed",
              "speed": "medium",
              "pass": true,
              "fail": false,
              "pending": false,
              "context": null,
              "code": "cy.searchProduct('Unique digital painting depicting Stan');\ncy.openDetailProduct('Unique digital painting depicting Stan');",
              "err": {},
              "uuid": "a031bd37-824b-44b5-b81c-2fd348f12ce2",
              "parentUUID": "cd3c08a8-5f7c-403a-b306-fb27de2ecd81",
              "isHook": false,
              "skipped": false
            },
            {
              "title": "TC19 - Kiểm thử tìm kiếm từ khóa có trong tiêu đề và nội dung",
              "fullTitle": "Kiểm tra tìm kiếm Juice Shop TC19 - Kiểm thử tìm kiếm từ khóa có trong tiêu đề và nội dung",
              "timedOut": null,
              "duration": 4668,
              "state": "passed",
              "speed": "fast",
              "pass": true,
              "fail": false,
              "pending": false,
              "context": null,
              "code": "cy.searchProduct('Facemask');\ncy.openDetailProduct('Facemask');",
              "err": {},
              "uuid": "3be25690-0caa-485e-854b-a40c2820cfb5",
              "parentUUID": "cd3c08a8-5f7c-403a-b306-fb27de2ecd81",
              "isHook": false,
              "skipped": false
            },
            {
              "title": "TC20 - Kiểm thử tìm kiếm có dấu cách ở hai đầu",
              "fullTitle": "Kiểm tra tìm kiếm Juice Shop TC20 - Kiểm thử tìm kiếm có dấu cách ở hai đầu",
              "timedOut": null,
              "duration": 3953,
              "state": "passed",
              "speed": "fast",
              "pass": true,
              "fail": false,
              "pending": false,
              "context": null,
              "code": "cy.searchProduct(' Apple Juice ');\ncy.checkProductIsDisplayed('Apple Juice');",
              "err": {},
              "uuid": "65d39c49-90c3-4864-b506-7ca82f60442b",
              "parentUUID": "cd3c08a8-5f7c-403a-b306-fb27de2ecd81",
              "isHook": false,
              "skipped": false
            },
            {
              "title": "TC21 - Kiểm thử tìm kiếm rồi xoá hết từ khoá và nhấn enter",
              "fullTitle": "Kiểm tra tìm kiếm Juice Shop TC21 - Kiểm thử tìm kiếm rồi xoá hết từ khoá và nhấn enter",
              "timedOut": null,
              "duration": 4299,
              "state": "passed",
              "speed": "fast",
              "pass": true,
              "fail": false,
              "pending": false,
              "context": null,
              "code": "cy.searchProduct('Apple Juice');\ncy.checkProductIsDisplayed('Apple Juice');\ncy.clearSearchInput();\ncy.searchProduct('{enter}');\ncy.checkProductIsDisplayed('Apple Juice');",
              "err": {},
              "uuid": "a65e6a71-addc-4134-98c5-9205d1cb2979",
              "parentUUID": "cd3c08a8-5f7c-403a-b306-fb27de2ecd81",
              "isHook": false,
              "skipped": false
            },
            {
              "title": "TC22 - Kiểm thử tìm kiếm với từ khóa có nhiều dấu cách thừa ở đầu và cuối",
              "fullTitle": "Kiểm tra tìm kiếm Juice Shop TC22 - Kiểm thử tìm kiếm với từ khóa có nhiều dấu cách thừa ở đầu và cuối",
              "timedOut": null,
              "duration": 4879,
              "state": "passed",
              "speed": "fast",
              "pass": true,
              "fail": false,
              "pending": false,
              "context": null,
              "code": "cy.searchProduct('   Apple Juice   ');\ncy.checkProductIsDisplayed('Apple Juice');",
              "err": {},
              "uuid": "1810773d-c78b-46b0-a51e-8e5f5a9c1ffd",
              "parentUUID": "cd3c08a8-5f7c-403a-b306-fb27de2ecd81",
              "isHook": false,
              "skipped": false
            },
            {
              "title": "TC23 - Kiểm thử xóa từ khóa khi đăng nhập ở tài khoản khác",
              "fullTitle": "Kiểm tra tìm kiếm Juice Shop TC23 - Kiểm thử xóa từ khóa khi đăng nhập ở tài khoản khác",
              "timedOut": null,
              "duration": 11420,
              "state": "failed",
              "speed": null,
              "pass": false,
              "fail": true,
              "pending": false,
              "context": null,
              "code": "const searchContent = 'Juice';\ncy.searchProduct(searchContent);\ncy.checkProductIsDisplayed(searchContent);\ncy.wait(500);\n// Login\ncy.login('demo', 'demo');\ncy.checkIsHiddenSearchInputAndEmpty();",
              "err": {
                "message": "AssertionError: Timed out retrying after 4000ms: expected '<input#mat-input-1.mat-mdc-input-element.mat-mdc-form-field-input-control.mdc-text-field__input.cdk-text-field-autofill-monitored.ng-valid.ng-dirty.ng-touched>' not to be 'visible'",
                "estack": "AssertionError: Timed out retrying after 4000ms: expected '<input#mat-input-1.mat-mdc-input-element.mat-mdc-form-field-input-control.mdc-text-field__input.cdk-text-field-autofill-monitored.ng-valid.ng-dirty.ng-touched>' not to be 'visible'\n    at Context.eval (webpack://cypress_features_testing/./cypress/support/commands.js:512:27)\n    at wrapped (http://localhost:3000/__cypress/runner/cypress_runner.js:141516:43)",
                "diff": null
              },
              "uuid": "0ab31c78-e533-49a1-8ffc-499ce4de25fd",
              "parentUUID": "cd3c08a8-5f7c-403a-b306-fb27de2ecd81",
              "isHook": false,
              "skipped": false
            }
          ],
          "suites": [],
          "passes": [
            "4195e2fb-3497-470c-a89b-2b48dbaadbc8",
            "c01abe0d-7024-4df5-bbf8-55b29f9c4b80",
            "2d371d2e-5ed5-401e-a5d2-968efa766f90",
            "0f3fd94b-489e-4978-a07e-7a7616604678",
            "e0440621-78f5-47e7-83bf-8d1b60cdb2a4",
            "9ab7cc27-d9d2-4fd1-a94a-55109309f170",
            "426446aa-edd9-462c-8eb1-5112576cf9de",
            "be75467b-83ad-4cf1-bc67-37f6ce713174",
            "8027e20d-2bb8-451f-b7ba-c5a45bd0e84f",
            "ba1e5327-7741-4ddd-b331-381aca2bfecc",
            "23b7afd9-7389-4361-8880-3cd0e22ee56e",
            "dffaed8f-81ee-4a47-a245-b38961cdb741",
            "95a886ee-6f8d-48c7-9739-29460e5df0b2",
            "b299bbf2-d2fb-4135-97a5-5e84d0599915",
            "149d2290-884c-481b-8491-e5c59eb938fb",
            "fa0b6366-1ac8-443a-a51d-3ffbb3bcb06a",
            "a031bd37-824b-44b5-b81c-2fd348f12ce2",
            "3be25690-0caa-485e-854b-a40c2820cfb5",
            "65d39c49-90c3-4864-b506-7ca82f60442b",
            "a65e6a71-addc-4134-98c5-9205d1cb2979",
            "1810773d-c78b-46b0-a51e-8e5f5a9c1ffd"
          ],
          "failures": [
            "5660dd60-ed74-4ba7-be54-ef00ac9834b2",
            "0ab31c78-e533-49a1-8ffc-499ce4de25fd"
          ],
          "pending": [],
          "skipped": [],
          "duration": 103652,
          "root": false,
          "rootEmpty": false,
          "_timeout": 2000
        }
      ],
      "passes": [],
      "failures": [],
      "pending": [],
      "skipped": [],
      "duration": 0,
      "root": true,
      "rootEmpty": true,
      "_timeout": 2000
    }
  ],
  "meta": {
    "mocha": {
      "version": "7.2.0"
    },
    "mochawesome": {
      "options": {
        "quiet": false,
        "reportFilename": "mochawesome",
        "saveHtml": false,
        "saveJson": true,
        "consoleReporter": "spec",
        "useInlineDiffs": false,
        "code": true
      },
      "version": "7.1.3"
    },
    "marge": {
      "options": {
        "reportDir": "cypress/reports",
        "overwrite": false,
        "html": false,
        "json": true,
        "timestamp": "mmddyyyy_HHMMss"
      },
      "version": "6.2.0"
    }
  }
}