{
  "stats": {
    "suites": 1,
    "tests": 23,
    "passes": 21,
    "pending": 0,
    "failures": 2,
    "start": "2025-06-22T08:10:16.281Z",
    "end": "2025-06-22T08:11:57.265Z",
    "duration": 100984,
    "testsRegistered": 23,
    "passPercent": 91.30434782608695,
    "pendingPercent": 0,
    "other": 0,
    "hasOther": false,
    "skipped": 0,
    "hasSkipped": false
  },
  "results": [
    {
      "uuid": "16e604b7-b4a8-427e-ad43-fe181b2c4b02",
      "title": "",
      "fullFile": "cypress\\e2e\\juice_search.cy.js",
      "file": "cypress\\e2e\\juice_search.cy.js",
      "beforeHooks": [],
      "afterHooks": [],
      "tests": [],
      "suites": [
        {
          "uuid": "9d4f02c7-e238-4924-9fa7-40b457b85c72",
          "title": "Kiểm tra tìm kiếm Juice Shop",
          "fullFile": "",
          "file": "",
          "beforeHooks": [],
          "afterHooks": [],
          "tests": [
            {
              "title": "TC01 - Kiểm thử tìm kiếm với từ khóa hợp lệ",
              "fullTitle": "Kiểm tra tìm kiếm Juice Shop TC01 - Kiểm thử tìm kiếm với từ khóa hợp lệ",
              "timedOut": null,
              "duration": 2608,
              "state": "passed",
              "speed": "fast",
              "pass": true,
              "fail": false,
              "pending": false,
              "context": null,
              "code": "cy.searchProduct('apple');\ncy.checkProductIsDisplayed('Apple Juice');",
              "err": {},
              "uuid": "e8acc1e8-c206-4e53-8567-e3cc17406ee2",
              "parentUUID": "9d4f02c7-e238-4924-9fa7-40b457b85c72",
              "isHook": false,
              "skipped": false
            },
            {
              "title": "TC02 - Kiểm thử tìm kiếm với chữ in hoa",
              "fullTitle": "Kiểm tra tìm kiếm Juice Shop TC02 - Kiểm thử tìm kiếm với chữ in hoa",
              "timedOut": null,
              "duration": 1919,
              "state": "passed",
              "speed": "fast",
              "pass": true,
              "fail": false,
              "pending": false,
              "context": null,
              "code": "cy.searchProduct('APPLE');\ncy.checkProductIsDisplayed('Apple Juice');",
              "err": {},
              "uuid": "9349774c-73c2-42eb-b16f-e6a804b8b54d",
              "parentUUID": "9d4f02c7-e238-4924-9fa7-40b457b85c72",
              "isHook": false,
              "skipped": false
            },
            {
              "title": "TC03 - Kiểm thử tìm kiếm với từ khóa một phần",
              "fullTitle": "Kiểm tra tìm kiếm Juice Shop TC03 - Kiểm thử tìm kiếm với từ khóa một phần",
              "timedOut": null,
              "duration": 1850,
              "state": "passed",
              "speed": "fast",
              "pass": true,
              "fail": false,
              "pending": false,
              "context": null,
              "code": "cy.searchProduct('app');\ncy.checkProductIsDisplayed('Apple Juice');",
              "err": {},
              "uuid": "13e41258-0de7-4a31-9db5-9aa14c3a8ac4",
              "parentUUID": "9d4f02c7-e238-4924-9fa7-40b457b85c72",
              "isHook": false,
              "skipped": false
            },
            {
              "title": "TC04 - Tìm kiếm với từ khóa chính xác",
              "fullTitle": "Kiểm tra tìm kiếm Juice Shop TC04 - Tìm kiếm với từ khóa chính xác",
              "timedOut": null,
              "duration": 1940,
              "state": "passed",
              "speed": "fast",
              "pass": true,
              "fail": false,
              "pending": false,
              "context": null,
              "code": "cy.searchProduct('Apple Pomace');\ncy.checkOnlyOneProductIsDisplayed('Apple Pomace');",
              "err": {},
              "uuid": "e35708ea-b66c-4de3-a670-a70e9a4891d4",
              "parentUUID": "9d4f02c7-e238-4924-9fa7-40b457b85c72",
              "isHook": false,
              "skipped": false
            },
            {
              "title": "TC05 - Kiểm thử tìm kiếm không ra kết quả",
              "fullTitle": "Kiểm tra tìm kiếm Juice Shop TC05 - Kiểm thử tìm kiếm không ra kết quả",
              "timedOut": null,
              "duration": 1968,
              "state": "passed",
              "speed": "fast",
              "pass": true,
              "fail": false,
              "pending": false,
              "context": null,
              "code": "cy.searchProduct('xyznotfound');\ncy.checkEmptyStateIsDisplayed();",
              "err": {},
              "uuid": "1be3136e-8ff2-48b5-828e-365a89320029",
              "parentUUID": "9d4f02c7-e238-4924-9fa7-40b457b85c72",
              "isHook": false,
              "skipped": false
            },
            {
              "title": "TC06 - Kiểm thử tìm kiếm với ký tự đặc biệt",
              "fullTitle": "Kiểm tra tìm kiếm Juice Shop TC06 - Kiểm thử tìm kiếm với ký tự đặc biệt",
              "timedOut": null,
              "duration": 1825,
              "state": "passed",
              "speed": "fast",
              "pass": true,
              "fail": false,
              "pending": false,
              "context": null,
              "code": "cy.searchProduct('@#!');\ncy.checkEmptyStateIsDisplayed();",
              "err": {},
              "uuid": "f6dc7adf-acb8-4a5c-ae07-06081212957c",
              "parentUUID": "9d4f02c7-e238-4924-9fa7-40b457b85c72",
              "isHook": false,
              "skipped": false
            },
            {
              "title": "TC07 - Kiểm thử tìm kiếm có dấu cách đầu dòng",
              "fullTitle": "Kiểm tra tìm kiếm Juice Shop TC07 - Kiểm thử tìm kiếm có dấu cách đầu dòng",
              "timedOut": null,
              "duration": 1869,
              "state": "passed",
              "speed": "fast",
              "pass": true,
              "fail": false,
              "pending": false,
              "context": null,
              "code": "cy.searchProduct(' apple');\ncy.checkProductIsDisplayed('Apple Juice');",
              "err": {},
              "uuid": "6dd7a21f-5e03-4c00-8450-8bbecabf1a54",
              "parentUUID": "9d4f02c7-e238-4924-9fa7-40b457b85c72",
              "isHook": false,
              "skipped": false
            },
            {
              "title": "TC08 - Kiểm thử tìm kiếm có dấu cách cuối dòng",
              "fullTitle": "Kiểm tra tìm kiếm Juice Shop TC08 - Kiểm thử tìm kiếm có dấu cách cuối dòng",
              "timedOut": null,
              "duration": 1862,
              "state": "passed",
              "speed": "fast",
              "pass": true,
              "fail": false,
              "pending": false,
              "context": null,
              "code": "cy.searchProduct('apple ');\ncy.checkProductIsDisplayed('Apple Juice');",
              "err": {},
              "uuid": "30a4b39e-243e-4507-b0d7-f0d242c49f2d",
              "parentUUID": "9d4f02c7-e238-4924-9fa7-40b457b85c72",
              "isHook": false,
              "skipped": false
            },
            {
              "title": "TC09 - Kiểm thử tìm kiếm chỉ với dấu cách",
              "fullTitle": "Kiểm tra tìm kiếm Juice Shop TC09 - Kiểm thử tìm kiếm chỉ với dấu cách",
              "timedOut": null,
              "duration": 1780,
              "state": "failed",
              "speed": null,
              "pass": false,
              "fail": true,
              "pending": false,
              "context": null,
              "code": "cy.searchProduct('    ');\ncy.checkHeadingIsDisplayed('All Products');",
              "err": {
                "message": "TypeError: cy.checkHeadingIsDisplayed is not a function",
                "estack": "TypeError: cy.checkHeadingIsDisplayed is not a function\n    at Context.eval (webpack://cypress_features_testing/./cypress/e2e/juice_search.cy.js:52:7)\n    at runnable.fn (http://localhost:3000/__cypress/runner/cypress_runner.js:141791:19)\n    at callFn (http://localhost:3000/__cypress/runner/cypress_runner.js:160869:21)\n    at Runnable.run (http://localhost:3000/__cypress/runner/cypress_runner.js:160856:7)\n    at <unknown> (http://localhost:3000/__cypress/runner/cypress_runner.js:166928:30)\n    at PassThroughHandlerContext.finallyHandler (http://localhost:3000/__cypress/runner/cypress_runner.js:4042:23)\n    at PassThroughHandlerContext.tryCatcher (http://localhost:3000/__cypress/runner/cypress_runner.js:1777:23)\n    at Promise._settlePromiseFromHandler (http://localhost:3000/__cypress/runner/cypress_runner.js:1489:31)\n    at Promise._settlePromise (http://localhost:3000/__cypress/runner/cypress_runner.js:1546:18)",
                "diff": null
              },
              "uuid": "b17fca49-fec4-48a8-8f2d-f5e38341282f",
              "parentUUID": "9d4f02c7-e238-4924-9fa7-40b457b85c72",
              "isHook": false,
              "skipped": false
            },
            {
              "title": "TC10 - Tìm kiếm với số",
              "fullTitle": "Kiểm tra tìm kiếm Juice Shop TC10 - Tìm kiếm với số",
              "timedOut": null,
              "duration": 4233,
              "state": "passed",
              "speed": "fast",
              "pass": true,
              "fail": false,
              "pending": false,
              "context": null,
              "code": "cy.searchProduct('2020');\ncy.checkProductIsDisplayed('2020');",
              "err": {},
              "uuid": "27b47f31-4fe0-4b35-aa2c-723660f46c2a",
              "parentUUID": "9d4f02c7-e238-4924-9fa7-40b457b85c72",
              "isHook": false,
              "skipped": false
            },
            {
              "title": "TC11 - Kiểm thử kết quả tìm kiếm giữ nguyên khi mất focus (không tự động tìm lại)",
              "fullTitle": "Kiểm tra tìm kiếm Juice Shop TC11 - Kiểm thử kết quả tìm kiếm giữ nguyên khi mất focus (không tự động tìm lại)",
              "timedOut": null,
              "duration": 4256,
              "state": "passed",
              "speed": "fast",
              "pass": true,
              "fail": false,
              "pending": false,
              "context": null,
              "code": "cy.searchProduct('Apple Juice');\ncy.checkProductIsDisplayed('Apple Juice');\ncy.get('body').click();\ncy.checkProductIsDisplayed('Apple Juice');",
              "err": {},
              "uuid": "34a803c6-ca5f-47b6-b7db-59e9df7331a8",
              "parentUUID": "9d4f02c7-e238-4924-9fa7-40b457b85c72",
              "isHook": false,
              "skipped": false
            },
            {
              "title": "TC12 - Kiểm thử tìm kiếm với chuỗi rất dài",
              "fullTitle": "Kiểm tra tìm kiếm Juice Shop TC12 - Kiểm thử tìm kiếm với chuỗi rất dài",
              "timedOut": null,
              "duration": 16268,
              "state": "passed",
              "speed": "slow",
              "pass": true,
              "fail": false,
              "pending": false,
              "context": null,
              "code": "const longString = 'a'.repeat(1000);\ncy.searchProduct(longString);\ncy.checkEmptyStateIsDisplayed();",
              "err": {},
              "uuid": "24bc3339-a336-48d1-bab7-e4c77729f0d7",
              "parentUUID": "9d4f02c7-e238-4924-9fa7-40b457b85c72",
              "isHook": false,
              "skipped": false
            },
            {
              "title": "TC13 - Kiểm thử tìm kiếm với chữ hoa và thường xen kẽ",
              "fullTitle": "Kiểm tra tìm kiếm Juice Shop TC13 - Kiểm thử tìm kiếm với chữ hoa và thường xen kẽ",
              "timedOut": null,
              "duration": 4786,
              "state": "passed",
              "speed": "fast",
              "pass": true,
              "fail": false,
              "pending": false,
              "context": null,
              "code": "cy.searchProduct('aPpLe');\ncy.checkProductIsDisplayed('Apple Juice');",
              "err": {},
              "uuid": "1a0a0644-427a-46c4-a5b6-92f448fd6a3a",
              "parentUUID": "9d4f02c7-e238-4924-9fa7-40b457b85c72",
              "isHook": false,
              "skipped": false
            },
            {
              "title": "TC14 - Kiểm thử tìm kiếm khi đang cuộn trang",
              "fullTitle": "Kiểm tra tìm kiếm Juice Shop TC14 - Kiểm thử tìm kiếm khi đang cuộn trang",
              "timedOut": null,
              "duration": 4195,
              "state": "passed",
              "speed": "fast",
              "pass": true,
              "fail": false,
              "pending": false,
              "context": null,
              "code": "cy.get('#mat-input-1').type('Apple Juice');\ncy.get('.mat-drawer-container').scrollTo('bottom', {\n  ensureScrollable: false\n});\ncy.get('#mat-input-1').type('{enter}');\ncy.checkProductIsDisplayed('Apple Juice');",
              "err": {},
              "uuid": "3ead086f-3a9f-452b-a670-4af8553e22ef",
              "parentUUID": "9d4f02c7-e238-4924-9fa7-40b457b85c72",
              "isHook": false,
              "skipped": false
            },
            {
              "title": "TC15 - Kiểm thử tìm kiếm với emoji",
              "fullTitle": "Kiểm tra tìm kiếm Juice Shop TC15 - Kiểm thử tìm kiếm với emoji",
              "timedOut": null,
              "duration": 3830,
              "state": "passed",
              "speed": "fast",
              "pass": true,
              "fail": false,
              "pending": false,
              "context": null,
              "code": "cy.searchProduct('🍎');\ncy.checkEmptyStateIsDisplayed();",
              "err": {},
              "uuid": "14d4dbfa-e319-455f-8f02-290fd4cbe2cd",
              "parentUUID": "9d4f02c7-e238-4924-9fa7-40b457b85c72",
              "isHook": false,
              "skipped": false
            },
            {
              "title": "TC16 - Hiện ô tìm kiếm khi nhấn icon kính lúp",
              "fullTitle": "Kiểm tra tìm kiếm Juice Shop TC16 - Hiện ô tìm kiếm khi nhấn icon kính lúp",
              "timedOut": null,
              "duration": 3825,
              "state": "passed",
              "speed": "fast",
              "pass": true,
              "fail": false,
              "pending": false,
              "context": null,
              "code": "",
              "err": {},
              "uuid": "64e63207-9480-4fc9-adae-04deaf7b5575",
              "parentUUID": "9d4f02c7-e238-4924-9fa7-40b457b85c72",
              "isHook": false,
              "skipped": false
            },
            {
              "title": "TC17 - Kiểm thử ẩn ô tìm kiếm khi nhấn icon X",
              "fullTitle": "Kiểm tra tìm kiếm Juice Shop TC17 - Kiểm thử ẩn ô tìm kiếm khi nhấn icon X",
              "timedOut": null,
              "duration": 7072,
              "state": "passed",
              "speed": "medium",
              "pass": true,
              "fail": false,
              "pending": false,
              "context": null,
              "code": "cy.hideSearchInput();",
              "err": {},
              "uuid": "bd7fb740-5a61-4f7a-b1fd-1f0887295e00",
              "parentUUID": "9d4f02c7-e238-4924-9fa7-40b457b85c72",
              "isHook": false,
              "skipped": false
            },
            {
              "title": "TC18 - Kiểm thử tìm kiếm với nội dung chỉ xuất hiện trong mô tả sản phẩm",
              "fullTitle": "Kiểm tra tìm kiếm Juice Shop TC18 - Kiểm thử tìm kiếm với nội dung chỉ xuất hiện trong mô tả sản phẩm",
              "timedOut": null,
              "duration": 5835,
              "state": "passed",
              "speed": "medium",
              "pass": true,
              "fail": false,
              "pending": false,
              "context": null,
              "code": "cy.searchProduct('Unique digital painting depicting Stan');\ncy.openDetailProduct('Unique digital painting depicting Stan');",
              "err": {},
              "uuid": "48901a1e-d981-45f1-89bd-cc6e872dfa1c",
              "parentUUID": "9d4f02c7-e238-4924-9fa7-40b457b85c72",
              "isHook": false,
              "skipped": false
            },
            {
              "title": "TC19 - Kiểm thử tìm kiếm từ khóa có trong tiêu đề và nội dung",
              "fullTitle": "Kiểm tra tìm kiếm Juice Shop TC19 - Kiểm thử tìm kiếm từ khóa có trong tiêu đề và nội dung",
              "timedOut": null,
              "duration": 4656,
              "state": "passed",
              "speed": "fast",
              "pass": true,
              "fail": false,
              "pending": false,
              "context": null,
              "code": "cy.searchProduct('Facemask');\ncy.openDetailProduct('Facemask');",
              "err": {},
              "uuid": "0d890b7b-0dfd-4af8-b0e5-d9d59b89baa6",
              "parentUUID": "9d4f02c7-e238-4924-9fa7-40b457b85c72",
              "isHook": false,
              "skipped": false
            },
            {
              "title": "TC20 - Kiểm thử tìm kiếm có dấu cách ở hai đầu",
              "fullTitle": "Kiểm tra tìm kiếm Juice Shop TC20 - Kiểm thử tìm kiếm có dấu cách ở hai đầu",
              "timedOut": null,
              "duration": 3963,
              "state": "passed",
              "speed": "fast",
              "pass": true,
              "fail": false,
              "pending": false,
              "context": null,
              "code": "cy.searchProduct(' Apple Juice ');\ncy.checkProductIsDisplayed('Apple Juice');",
              "err": {},
              "uuid": "bcddb2f1-ea63-496e-847f-9c7275e46d1d",
              "parentUUID": "9d4f02c7-e238-4924-9fa7-40b457b85c72",
              "isHook": false,
              "skipped": false
            },
            {
              "title": "TC21 - Kiểm thử tìm kiếm rồi xoá hết từ khoá và nhấn enter",
              "fullTitle": "Kiểm tra tìm kiếm Juice Shop TC21 - Kiểm thử tìm kiếm rồi xoá hết từ khoá và nhấn enter",
              "timedOut": null,
              "duration": 4222,
              "state": "passed",
              "speed": "fast",
              "pass": true,
              "fail": false,
              "pending": false,
              "context": null,
              "code": "cy.searchProduct('Apple Juice');\ncy.checkProductIsDisplayed('Apple Juice');\ncy.clearSearchInput();\ncy.searchProduct('{enter}');\ncy.checkProductIsDisplayed('Apple Juice');",
              "err": {},
              "uuid": "07cee526-40e0-48a5-838b-a62f43f16e15",
              "parentUUID": "9d4f02c7-e238-4924-9fa7-40b457b85c72",
              "isHook": false,
              "skipped": false
            },
            {
              "title": "TC22 - Kiểm thử tìm kiếm với từ khóa có nhiều dấu cách thừa ở đầu và cuối",
              "fullTitle": "Kiểm tra tìm kiếm Juice Shop TC22 - Kiểm thử tìm kiếm với từ khóa có nhiều dấu cách thừa ở đầu và cuối",
              "timedOut": null,
              "duration": 4932,
              "state": "passed",
              "speed": "fast",
              "pass": true,
              "fail": false,
              "pending": false,
              "context": null,
              "code": "cy.searchProduct('   Apple Juice   ');\ncy.checkProductIsDisplayed('Apple Juice');",
              "err": {},
              "uuid": "9ec2d034-da1a-4f35-a6ec-695da18e15f8",
              "parentUUID": "9d4f02c7-e238-4924-9fa7-40b457b85c72",
              "isHook": false,
              "skipped": false
            },
            {
              "title": "TC23 - Kiểm thử xóa từ khóa khi đăng nhập ở tài khoản khác",
              "fullTitle": "Kiểm tra tìm kiếm Juice Shop TC23 - Kiểm thử xóa từ khóa khi đăng nhập ở tài khoản khác",
              "timedOut": null,
              "duration": 10315,
              "state": "failed",
              "speed": null,
              "pass": false,
              "fail": true,
              "pending": false,
              "context": null,
              "code": "const searchContent = 'Juice';\ncy.searchProduct(searchContent);\ncy.checkProductIsDisplayed(searchContent);\ncy.wait(500);\n// Login\ncy.login('demo', 'demo');\ncy.checkIsHiddenSearchInputAndEmpty();",
              "err": {
                "message": "AssertionError: Timed out retrying after 4000ms: expected '<input#mat-input-1.mat-mdc-input-element.mat-mdc-form-field-input-control.mdc-text-field__input.cdk-text-field-autofill-monitored.ng-valid.ng-dirty.ng-touched>' not to be 'visible'",
                "estack": "AssertionError: Timed out retrying after 4000ms: expected '<input#mat-input-1.mat-mdc-input-element.mat-mdc-form-field-input-control.mdc-text-field__input.cdk-text-field-autofill-monitored.ng-valid.ng-dirty.ng-touched>' not to be 'visible'\n    at Context.eval (webpack://cypress_features_testing/./cypress/support/commands.js:512:27)\n    at wrapped (http://localhost:3000/__cypress/runner/cypress_runner.js:141516:43)",
                "diff": null
              },
              "uuid": "5ac65d99-b894-4a7e-a7e9-a6278ffd1ae1",
              "parentUUID": "9d4f02c7-e238-4924-9fa7-40b457b85c72",
              "isHook": false,
              "skipped": false
            }
          ],
          "suites": [],
          "passes": [
            "e8acc1e8-c206-4e53-8567-e3cc17406ee2",
            "9349774c-73c2-42eb-b16f-e6a804b8b54d",
            "13e41258-0de7-4a31-9db5-9aa14c3a8ac4",
            "e35708ea-b66c-4de3-a670-a70e9a4891d4",
            "1be3136e-8ff2-48b5-828e-365a89320029",
            "f6dc7adf-acb8-4a5c-ae07-06081212957c",
            "6dd7a21f-5e03-4c00-8450-8bbecabf1a54",
            "30a4b39e-243e-4507-b0d7-f0d242c49f2d",
            "27b47f31-4fe0-4b35-aa2c-723660f46c2a",
            "34a803c6-ca5f-47b6-b7db-59e9df7331a8",
            "24bc3339-a336-48d1-bab7-e4c77729f0d7",
            "1a0a0644-427a-46c4-a5b6-92f448fd6a3a",
            "3ead086f-3a9f-452b-a670-4af8553e22ef",
            "14d4dbfa-e319-455f-8f02-290fd4cbe2cd",
            "64e63207-9480-4fc9-adae-04deaf7b5575",
            "bd7fb740-5a61-4f7a-b1fd-1f0887295e00",
            "48901a1e-d981-45f1-89bd-cc6e872dfa1c",
            "0d890b7b-0dfd-4af8-b0e5-d9d59b89baa6",
            "bcddb2f1-ea63-496e-847f-9c7275e46d1d",
            "07cee526-40e0-48a5-838b-a62f43f16e15",
            "9ec2d034-da1a-4f35-a6ec-695da18e15f8"
          ],
          "failures": [
            "b17fca49-fec4-48a8-8f2d-f5e38341282f",
            "5ac65d99-b894-4a7e-a7e9-a6278ffd1ae1"
          ],
          "pending": [],
          "skipped": [],
          "duration": 100009,
          "root": false,
          "rootEmpty": false,
          "_timeout": 2000
        }
      ],
      "passes": [],
      "failures": [],
      "pending": [],
      "skipped": [],
      "duration": 0,
      "root": true,
      "rootEmpty": true,
      "_timeout": 2000
    }
  ],
  "meta": {
    "mocha": {
      "version": "7.2.0"
    },
    "mochawesome": {
      "options": {
        "quiet": false,
        "reportFilename": "mochawesome",
        "saveHtml": false,
        "saveJson": true,
        "consoleReporter": "spec",
        "useInlineDiffs": false,
        "code": true
      },
      "version": "7.1.3"
    },
    "marge": {
      "options": {
        "reportDir": "cypress/reports",
        "overwrite": false,
        "html": false,
        "json": true,
        "timestamp": "mmddyyyy_HHMMss"
      },
      "version": "6.2.0"
    }
  }
}